                                     G D M A
                                 by Anthony Stone

               Distributed Multipoles from Gaussian wavefunctions

                             version 2.3.3 (6b8e81e)
              Compiled with gfortran on 14 January 2024 at 08:13:23

Starting at 12:57:55 on 21 Jan 2025 


Using SCF density matrix from file 1-3-5-TFB.fchk


                         Distributed Multipole Analysis

Standard DMA for products of primitives with exponent greater than 4.00000
Using 80-point Euler-MacLaurin radial quadrature
Using 590-point Lebedev quadrature
Becke smoothing parameter = 3

Positions and radii in angstrom
Multipole moments in atomic units, ea_0^k for rank k

C          x =  1.178499  y =  0.680466  z =  0.000000 angstrom
           Maximum rank =  2   Radius =  0.650 angstrom
                   Q00  =   0.437264
|Q1| =   0.220761  Q11c =  -0.191162  Q11s =  -0.110420
|Q2| =   0.660012  Q20  =  -0.458923  Q22c =   0.237291  Q22s =   0.410729

C          x =  1.217502  y = -0.702950  z =  0.000000 angstrom
           Maximum rank =  2   Radius =  0.650 angstrom
                   Q00  =   0.225743
|Q1| =   0.400024  Q11c =  -0.346428  Q11s =   0.200017
|Q2| =   0.802419  Q20  =  -0.752693  Q22c =   0.139129  Q22s =  -0.240778

C          x =  0.000000  y = -1.360916  z =  0.000000 angstrom
           Maximum rank =  2   Radius =  0.650 angstrom
                   Q00  =   0.437214
|Q1| =   0.220711  Q11s =   0.220711
|Q2| =   0.660033  Q20  =  -0.458959  Q22c =  -0.474342

C          x = -1.217502  y = -0.702950  z =  0.000000 angstrom
           Maximum rank =  2   Radius =  0.650 angstrom
                   Q00  =   0.225743
|Q1| =   0.400024  Q11c =   0.346428  Q11s =   0.200017
|Q2| =   0.802419  Q20  =  -0.752693  Q22c =   0.139129  Q22s =   0.240778

C          x = -1.178499  y =  0.680466  z =  0.000000 angstrom
           Maximum rank =  2   Radius =  0.650 angstrom
                   Q00  =   0.437264
|Q1| =   0.220761  Q11c =   0.191162  Q11s =  -0.110420
|Q2| =   0.660012  Q20  =  -0.458923  Q22c =   0.237291  Q22s =  -0.410729

C          x =  0.000000  y =  1.406036  z =  0.000000 angstrom
           Maximum rank =  2   Radius =  0.650 angstrom
                   Q00  =   0.225669
|Q1| =   0.399940  Q11s =  -0.399940
|Q2| =   0.802575  Q20  =  -0.752827  Q22c =  -0.278170

H          x =  2.154583  y = -1.243860  z =  0.000000 angstrom
           Maximum rank =  2   Radius =  0.350 angstrom
                   Q00  =   0.104256
|Q1| =   0.088233  Q11c =  -0.076405  Q11s =   0.044127
|Q2| =   0.180696  Q20  =  -0.158739  Q22c =   0.043192  Q22s =  -0.074750

H          x = -2.154583  y = -1.243860  z =  0.000000 angstrom
           Maximum rank =  2   Radius =  0.350 angstrom
                   Q00  =   0.104256
|Q1| =   0.088233  Q11c =   0.076405  Q11s =   0.044127
|Q2| =   0.180696  Q20  =  -0.158739  Q22c =   0.043192  Q22s =   0.074750

H          x =  0.000000  y =  2.488014  z =  0.000000 angstrom
           Maximum rank =  2   Radius =  0.350 angstrom
                   Q00  =   0.104248
|Q1| =   0.088228  Q11s =  -0.088228
|Q2| =   0.180707  Q20  =  -0.158729  Q22c =  -0.086373

F          x =  0.000000  y = -2.698573  z =  0.000000 angstrom
           Maximum rank =  2   Radius =  0.650 angstrom
                   Q00  =  -0.216541
|Q1| =   0.271418  Q11s =   0.271418
|Q2| =   0.746913  Q20  =  -0.277267  Q22c =  -0.693543

F          x = -2.337080  y =  1.349064  z =  0.000000 angstrom
           Maximum rank =  2   Radius =  0.650 angstrom
                   Q00  =  -0.216560
|Q1| =   0.271418  Q11c =   0.235091  Q11s =  -0.135647
|Q2| =   0.746937  Q20  =  -0.277262  Q22c =   0.347030  Q22s =  -0.600509

F          x =  2.337080  y =  1.349064  z =  0.000000 angstrom
           Maximum rank =  2   Radius =  0.650 angstrom
                   Q00  =  -0.216560
|Q1| =   0.271418  Q11c =  -0.235091  Q11s =  -0.135647
|Q2| =   0.746937  Q20  =  -0.277262  Q22c =   0.347030  Q22s =   0.600509

TOP(1)     x =  0.000000  y =  0.000000  z =  1.000000 angstrom
           Maximum rank =  2   Radius =  0.650 angstrom
                   Q00  =  -0.825999
|Q1| =   0.220037  Q10  =   0.220037  Q11s =   0.000005
|Q2| =   0.463107  Q20  =   0.463107  Q22c =   0.000006

TOP(-1)    x =  0.000000  y =  0.000000  z = -1.000000 angstrom
           Maximum rank =  2   Radius =  0.650 angstrom
                   Q00  =  -0.825999
|Q1| =   0.220037  Q10  =  -0.220037  Q11s =   0.000005
|Q2| =   0.463107  Q20  =   0.463107  Q22c =   0.000006

Total multipoles referred to origin at
           x =   0.000000,  y =    0.000000,  z =    0.000000 angstrom
                   Q00  =  -0.000001
|Q1| =   0.000237  Q11s =   0.000237
|Q2| =   0.297991  Q20  =   0.297986  Q22c =  -0.001861

CPU time used:      0m15.110s          Total:      0m15.110s

Finished at 12:58:10 on 21 Jan 2025 
