                                     G D M A
                                 by Anthony Stone

               Distributed Multipoles from Gaussian wavefunctions

                             version 2.3.3 (6b8e81e)
              Compiled with gfortran on 14 January 2024 at 08:13:23

Starting at 14:13:34 on 14 Jan 2025 


Using SCF density matrix from file 1-2-3-5-TtFB.fchk


                         Distributed Multipole Analysis

Standard DMA for products of primitives with exponent greater than 4.00000
Using 80-point Euler-MacLaurin radial quadrature
Using 590-point Lebedev quadrature
Becke smoothing parameter = 3

Positions and radii in angstrom
Multipole moments in atomic units, ea_0^k for rank k

C          x =  1.176739  y =  0.679446  z =  0.000000 angstrom
           Maximum rank =  2   Radius =  0.650 angstrom
                   Q00  =   0.432047
|Q1| =   0.221372  Q11c =  -0.191697  Q11s =  -0.110714
|Q2| =   0.665874  Q20  =  -0.469514  Q22c =   0.236199  Q22s =   0.408846

C          x =  1.211772  y = -0.703336  z =  0.000000 angstrom
           Maximum rank =  2   Radius =  0.650 angstrom
                   Q00  =   0.235868
|Q1| =   0.400851  Q11c =  -0.349151  Q11s =   0.196915
|Q2| =   0.785706  Q20  =  -0.737549  Q22c =   0.134763  Q22s =  -0.234932

C          x =  0.003052  y = -1.375883  z = -0.000000 angstrom
           Maximum rank =  2   Radius =  0.650 angstrom
                   Q00  =   0.431906
|Q1| =   0.206513  Q11c =  -0.044387  Q11s =   0.201686
|Q2| =   0.664057  Q20  =  -0.514053  Q22c =  -0.418491  Q22s =   0.039830

C          x = -1.207017  y = -0.696952  z =  0.000000 angstrom
           Maximum rank =  2   Radius =  0.650 angstrom
                   Q00  =   0.405548
|Q1| =   0.182378  Q11c =   0.157909  Q11s =   0.091250
|Q2| =   0.702260  Q20  =  -0.600222  Q22c =   0.182470  Q22s =   0.315607

C          x = -1.189791  y =  0.690519  z =  0.000000 angstrom
           Maximum rank =  2   Radius =  0.650 angstrom
                   Q00  =   0.432022
|Q1| =   0.206651  Q11c =   0.152547  Q11s =  -0.139405
|Q2| =   0.663919  Q20  =  -0.513898  Q22c =   0.243939  Q22s =  -0.342333

C          x = -0.003172  y =  1.401286  z =  0.000000 angstrom
           Maximum rank =  2   Radius =  0.650 angstrom
                   Q00  =   0.235782
|Q1| =   0.400742  Q11c =  -0.004073  Q11s =  -0.400721
|Q2| =   0.785842  Q20  =  -0.737662  Q22c =  -0.270927  Q22s =  -0.000962

H          x =  2.147548  y = -1.247104  z =  0.000000 angstrom
           Maximum rank =  2   Radius =  0.350 angstrom
                   Q00  =   0.108398
|Q1| =   0.086098  Q11c =  -0.074406  Q11s =   0.043321
|Q2| =   0.178702  Q20  =  -0.156405  Q22c =   0.043208  Q22s =  -0.074866

H          x = -0.006493  y =  2.483559  z = -0.000000 angstrom
           Maximum rank =  2   Radius =  0.350 angstrom
                   Q00  =   0.108393
|Q1| =   0.086092  Q11c =   0.000283  Q11s =  -0.086091
|Q2| =   0.178708  Q20  =  -0.156388  Q22c =  -0.086484  Q22s =  -0.000089

F          x = -0.016345  y = -2.705663  z =  0.000000 angstrom
           Maximum rank =  2   Radius =  0.650 angstrom
                   Q00  =  -0.187003
|Q1| =   0.274635  Q11c =  -0.028123  Q11s =   0.273191
|Q2| =   0.700635  Q20  =  -0.305893  Q22c =  -0.630241  Q22s =  -0.010745

F          x = -2.357104  y = -1.360468  z = -0.000000 angstrom
           Maximum rank =  2   Radius =  0.650 angstrom
                   Q00  =  -0.171628
|Q1| =   0.275483  Q11c =   0.238610  Q11s =   0.137681
|Q2| =   0.667944  Q20  =  -0.336591  Q22c =   0.288794  Q22s =   0.499453

F          x = -2.351310  y =  1.338271  z =  0.000000 angstrom
           Maximum rank =  2   Radius =  0.650 angstrom
                   Q00  =  -0.187023
|Q1| =   0.274640  Q11c =   0.222571  Q11s =  -0.160900
|Q2| =   0.700650  Q20  =  -0.305896  Q22c =   0.306153  Q22s =  -0.551007

F          x =  2.335055  y =  1.347908  z = -0.000000 angstrom
           Maximum rank =  2   Radius =  0.650 angstrom
                   Q00  =  -0.214826
|Q1| =   0.270837  Q11c =  -0.234591  Q11s =  -0.135351
|Q2| =   0.744124  Q20  =  -0.280888  Q22c =   0.344769  Q22s =   0.596622

TOP1       x =  0.000000  y =  0.000000  z =  1.000000 angstrom
           Maximum rank =  2   Radius =  0.650 angstrom
                   Q00  =  -0.814743
|Q1| =   0.221225  Q10  =   0.219950  Q11c =  -0.020537  Q11s =  -0.011848
|Q2| =   0.453703  Q20  =   0.451398  Q21c =  -0.011886  Q21s =  -0.006859
                   Q22c =   0.021799  Q22s =   0.037723

TOP2       x =  0.000000  y =  0.000000  z = -1.000000 angstrom
           Maximum rank =  2   Radius =  0.650 angstrom
                   Q00  =  -0.814743
|Q1| =   0.221225  Q10  =  -0.219950  Q11c =  -0.020537  Q11s =  -0.011848
|Q2| =   0.453703  Q20  =   0.451398  Q21c =   0.011886  Q21s =   0.006859
                   Q22c =   0.021799  Q22s =   0.037723

Total multipoles referred to origin at
           x =   0.000000,  y =    0.000000,  z =    0.000000 angstrom
                   Q00  =  -0.000003
|Q1| =   0.579572  Q11c =   0.501880  Q11s =   0.289864
|Q2| =   5.560426  Q20  =   2.404057  Q22c =  -2.509650  Q22s =  -4.340566

CPU time used:      0m23.326s          Total:      0m23.326s

Finished at 14:13:57 on 14 Jan 2025 
