                                     G D M A
                                 by Anthony Stone

               Distributed Multipoles from Gaussian wavefunctions

                             version 2.3.3 (6b8e81e)
              Compiled with gfortran on 14 January 2024 at 08:13:23

Starting at 15:45:26 on 09 Jan 2025 


Using SCF density matrix from file benzene.fchk


                         Distributed Multipole Analysis

Standard DMA for products of primitives with exponent greater than 4.00000
Using 80-point Euler-MacLaurin radial quadrature
Using 590-point Lebedev quadrature
Becke smoothing parameter = 3

Positions and radii in angstrom
Multipole moments in atomic units, ea_0^k for rank k

C          x = -1.204306  y = -0.695341  z =  0.000000 angstrom
           Maximum rank =  2   Radius =  0.650 angstrom
                   Q00  =   0.234926
|Q1| =   0.429702  Q11c =   0.372137  Q11s =   0.214844
|Q2| =   0.757902  Q20  =  -0.610988  Q22c =   0.224245  Q22s =   0.388360

C          x = -1.204306  y =  0.695341  z =  0.000000 angstrom
           Maximum rank =  2   Radius =  0.650 angstrom
                   Q00  =   0.234926
|Q1| =   0.429702  Q11c =   0.372138  Q11s =  -0.214844
|Q2| =   0.757902  Q20  =  -0.610988  Q22c =   0.224245  Q22s =  -0.388360

C          x =  0.000000  y =  1.390709  z =  0.000000 angstrom
           Maximum rank =  2   Radius =  0.650 angstrom
                   Q00  =   0.234882
|Q1| =   0.429645  Q11s =  -0.429645
|Q2| =   0.757966  Q20  =  -0.611052  Q22c =  -0.448473

C          x =  1.204306  y =  0.695341  z =  0.000000 angstrom
           Maximum rank =  2   Radius =  0.650 angstrom
                   Q00  =   0.234926
|Q1| =   0.429702  Q11c =  -0.372137  Q11s =  -0.214844
|Q2| =   0.757902  Q20  =  -0.610988  Q22c =   0.224245  Q22s =   0.388360

C          x =  1.204306  y = -0.695341  z =  0.000000 angstrom
           Maximum rank =  2   Radius =  0.650 angstrom
                   Q00  =   0.234926
|Q1| =   0.429702  Q11c =  -0.372138  Q11s =   0.214844
|Q2| =   0.757902  Q20  =  -0.610988  Q22c =   0.224245  Q22s =  -0.388360

C          x = -0.000000  y = -1.390709  z =  0.000000 angstrom
           Maximum rank =  2   Radius =  0.650 angstrom
                   Q00  =   0.234882
|Q1| =   0.429645  Q11s =   0.429645
|Q2| =   0.757966  Q20  =  -0.611052  Q22c =  -0.448473

H          x = -2.144234  y = -1.237957  z =  0.000000 angstrom
           Maximum rank =  2   Radius =  0.350 angstrom
                   Q00  =   0.051665
|Q1| =   0.112599  Q11c =   0.097515  Q11s =   0.056297
|Q2| =   0.196454  Q20  =  -0.148560  Q22c =   0.064282  Q22s =   0.111320

H          x = -2.144234  y =  1.237957  z =  0.000000 angstrom
           Maximum rank =  2   Radius =  0.350 angstrom
                   Q00  =   0.051665
|Q1| =   0.112599  Q11c =   0.097515  Q11s =  -0.056297
|Q2| =   0.196454  Q20  =  -0.148560  Q22c =   0.064282  Q22s =  -0.111320

H          x =  0.000000  y =  2.476012  z =  0.000000 angstrom
           Maximum rank =  2   Radius =  0.350 angstrom
                   Q00  =   0.051671
|Q1| =   0.112592  Q11s =  -0.112592
|Q2| =   0.196457  Q20  =  -0.148556  Q22c =  -0.128555

H          x =  2.144234  y =  1.237957  z =  0.000000 angstrom
           Maximum rank =  2   Radius =  0.350 angstrom
                   Q00  =   0.051665
|Q1| =   0.112599  Q11c =  -0.097515  Q11s =  -0.056297
|Q2| =   0.196454  Q20  =  -0.148560  Q22c =   0.064282  Q22s =   0.111320

H          x =  2.144234  y = -1.237957  z =  0.000000 angstrom
           Maximum rank =  2   Radius =  0.350 angstrom
                   Q00  =   0.051665
|Q1| =   0.112599  Q11c =  -0.097515  Q11s =   0.056297
|Q2| =   0.196454  Q20  =  -0.148560  Q22c =   0.064282  Q22s =  -0.111320

H          x = -0.000000  y = -2.476012  z =  0.000000 angstrom
           Maximum rank =  2   Radius =  0.350 angstrom
                   Q00  =   0.051671
|Q1| =   0.112592  Q11s =   0.112592
|Q2| =   0.196457  Q20  =  -0.148556  Q22c =  -0.128555

TOP1       x =  0.000000  y =  0.000000  z =  1.000000 angstrom
           Maximum rank =  2   Radius =  0.650 angstrom
                   Q00  =  -0.859737
|Q1| =   0.210894  Q10  =   0.210894
|Q2| =   0.514487  Q20  =   0.514487  Q22c =  -0.000008

TOP2       x =  0.000000  y =  0.000000  z = -1.000000 angstrom
           Maximum rank =  2   Radius =  0.650 angstrom
                   Q00  =  -0.859737
|Q1| =   0.210894  Q10  =  -0.210894
|Q2| =   0.514487  Q20  =   0.514487  Q22c =  -0.000008

Total multipoles referred to origin at
           x =   0.000000,  y =    0.000000,  z =    0.000000 angstrom
                   Q00  =  -0.000005
|Q1| =   0.000000
|Q2| =   6.398843  Q20  =  -6.398843  Q22c =  -0.000714  Q22s =   0.000001

CPU time used:      0m12.768s          Total:      0m12.768s

Finished at 15:45:38 on 09 Jan 2025 
