                                     G D M A
                                 by Anthony Stone

               Distributed Multipoles from Gaussian wavefunctions

                             version 2.3.3 (6b8e81e)
              Compiled with gfortran on 14 January 2024 at 08:13:23

Starting at 13:07:25 on 21 Jan 2025 


Using SCF density matrix from file 1-2-4-5-TtFB.fchk


                         Distributed Multipole Analysis

Standard DMA for products of primitives with exponent greater than 4.00000
Using 80-point Euler-MacLaurin radial quadrature
Using 590-point Lebedev quadrature
Becke smoothing parameter = 3

Positions and radii in angstrom
Multipole moments in atomic units, ea_0^k for rank k

C          x =  1.196299  y =  0.684992  z =  0.000000 angstrom
           Maximum rank =  2   Radius =  0.650 angstrom
                   Q00  =   0.417359
|Q1| =   0.204339  Q11c =  -0.193079  Q11s =  -0.066896
|Q2| =   0.681765  Q20  =  -0.534481  Q22c =   0.179197  Q22s =   0.383434

C          x =  1.208630  y = -0.697851  z =  0.000000 angstrom
           Maximum rank =  2   Radius =  0.650 angstrom
                   Q00  =   0.254197
|Q1| =   0.400822  Q11c =  -0.347106  Q11s =   0.200438
|Q2| =   0.751019  Q20  =  -0.702661  Q22c =   0.132747  Q22s =  -0.229510

C          x =  0.004982  y = -1.378686  z = -0.000000 angstrom
           Maximum rank =  2   Radius =  0.650 angstrom
                   Q00  =   0.417280
|Q1| =   0.204270  Q11c =  -0.038643  Q11s =   0.200582
|Q2| =   0.681851  Q20  =  -0.534582  Q22c =  -0.421663  Q22s =   0.036645

C          x = -1.196299  y = -0.684992  z =  0.000000 angstrom
           Maximum rank =  2   Radius =  0.650 angstrom
                   Q00  =   0.417359
|Q1| =   0.204339  Q11c =   0.193079  Q11s =   0.066896
|Q2| =   0.681765  Q20  =  -0.534481  Q22c =   0.179197  Q22s =   0.383434

C          x = -1.208630  y =  0.697851  z =  0.000000 angstrom
           Maximum rank =  2   Radius =  0.650 angstrom
                   Q00  =   0.254197
|Q1| =   0.400822  Q11c =   0.347106  Q11s =  -0.200438
|Q2| =   0.751019  Q20  =  -0.702661  Q22c =   0.132747  Q22s =  -0.229510

C          x = -0.004982  y =  1.378686  z = -0.000000 angstrom
           Maximum rank =  2   Radius =  0.650 angstrom
                   Q00  =   0.417280
|Q1| =   0.204270  Q11c =   0.038643  Q11s =  -0.200582
|Q2| =   0.681851  Q20  =  -0.534582  Q22c =  -0.421663  Q22s =   0.036645

H          x =  2.146684  y = -1.239139  z =  0.000000 angstrom
           Maximum rank =  2   Radius =  0.350 angstrom
                   Q00  =   0.111372
|Q1| =   0.084878  Q11c =  -0.073492  Q11s =   0.042465
|Q2| =   0.175300  Q20  =  -0.152962  Q22c =   0.042875  Q22s =  -0.074124

H          x = -2.146684  y =  1.239139  z =  0.000000 angstrom
           Maximum rank =  2   Radius =  0.350 angstrom
                   Q00  =   0.111372
|Q1| =   0.084878  Q11c =   0.073492  Q11s =  -0.042465
|Q2| =   0.175300  Q20  =  -0.152962  Q22c =   0.042875  Q22s =  -0.074124

F          x = -0.006825  y = -2.710864  z =  0.000000 angstrom
           Maximum rank =  2   Radius =  0.650 angstrom
                   Q00  =  -0.192713
|Q1| =   0.274886  Q11c =  -0.028755  Q11s =   0.273377
|Q2| =   0.702024  Q20  =  -0.308979  Q22c =  -0.630213  Q22s =  -0.014188

F          x = -2.344201  y = -1.361074  z =  0.000000 angstrom
           Maximum rank =  2   Radius =  0.650 angstrom
                   Q00  =  -0.192739
|Q1| =   0.274914  Q11c =   0.251186  Q11s =   0.111728
|Q2| =   0.702087  Q20  =  -0.308960  Q22c =   0.327646  Q22s =   0.538626

F          x =  0.006825  y =  2.710864  z =  0.000000 angstrom
           Maximum rank =  2   Radius =  0.650 angstrom
                   Q00  =  -0.192713
|Q1| =   0.274886  Q11c =   0.028755  Q11s =  -0.273377
|Q2| =   0.702024  Q20  =  -0.308979  Q22c =  -0.630213  Q22s =  -0.014188

F          x =  2.344201  y =  1.361074  z =  0.000000 angstrom
           Maximum rank =  2   Radius =  0.650 angstrom
                   Q00  =  -0.192739
|Q1| =   0.274914  Q11c =  -0.251186  Q11s =  -0.111728
|Q2| =   0.702087  Q20  =  -0.308960  Q22c =   0.327646  Q22s =   0.538626

TOP(1)     x =  0.000000  y =  0.000000  z =  1.000000 angstrom
           Maximum rank =  2   Radius =  0.650 angstrom
                   Q00  =  -0.814757
|Q1| =   0.221065  Q10  =   0.221065
|Q2| =   0.458510  Q20  =   0.450780  Q22c =  -0.041910  Q22s =   0.072616

TOP(-1)    x =  0.000000  y =  0.000000  z = -1.000000 angstrom
           Maximum rank =  2   Radius =  0.650 angstrom
                   Q00  =  -0.814757
|Q1| =   0.221065  Q10  =  -0.221065
|Q2| =   0.458510  Q20  =   0.450780  Q22c =  -0.041910  Q22s =   0.072616

Total multipoles referred to origin at
           x =   0.000000,  y =    0.000000,  z =    0.000000 angstrom
                   Q00  =  -0.000003
|Q1| =   0.000000
|Q2| =  10.097765  Q20  =   2.508458  Q22c =   4.890874  Q22s =  -8.470646

CPU time used:      0m16.690s          Total:      0m16.690s

Finished at 13:07:41 on 21 Jan 2025 
