                                     G D M A
                                 by Anthony Stone

               Distributed Multipoles from Gaussian wavefunctions

                             version 2.3.3 (6b8e81e)
              Compiled with gfortran on 14 January 2024 at 08:13:23

Starting at 14:38:31 on 20 Jan 2025 


Using SCF density matrix from file 1-2-3-TFB.fchk


                         Distributed Multipole Analysis

Standard DMA for products of primitives with exponent greater than 4.00000
Using 80-point Euler-MacLaurin radial quadrature
Using 590-point Lebedev quadrature
Becke smoothing parameter = 3

Positions and radii in angstrom
Multipole moments in atomic units, ea_0^k for rank k

C          x =  1.195040  y =  0.689993  z =  0.000000 angstrom
           Maximum rank =  2   Radius =  0.650 angstrom
                   Q00  =   0.254791
|Q1| =   0.429902  Q11c =  -0.372317  Q11s =  -0.214931
|Q2| =   0.734716  Q20  =  -0.597185  Q22c =   0.213989  Q22s =   0.370656

C          x =  1.205558  y = -0.699470  z =  0.000000 angstrom
           Maximum rank =  2   Radius =  0.650 angstrom
                   Q00  =   0.236744
|Q1| =   0.419774  Q11c =  -0.389899  Q11s =   0.155529
|Q2| =   0.765763  Q20  =  -0.674404  Q22c =   0.118411  Q22s =  -0.342857

C          x =  0.001345  y = -1.378893  z =  0.000000 angstrom
           Maximum rank =  2   Radius =  0.650 angstrom
                   Q00  =   0.421382
|Q1| =   0.208226  Q11c =  -0.052923  Q11s =   0.201388
|Q2| =   0.675376  Q20  =  -0.523096  Q22c =  -0.425061  Q22s =   0.042743

C          x = -1.207333  y = -0.697138  z =  0.000000 angstrom
           Maximum rank =  2   Radius =  0.650 angstrom
                   Q00  =   0.412249
|Q1| =   0.182876  Q11c =   0.158339  Q11s =   0.091501
|Q2| =   0.693180  Q20  =  -0.587721  Q22c =   0.183962  Q22s =   0.318182

C          x = -1.193271  y =  0.690543  z =  0.000000 angstrom
           Maximum rank =  2   Radius =  0.650 angstrom
                   Q00  =   0.421492
|Q1| =   0.208350  Q11c =   0.148015  Q11s =  -0.146634
|Q2| =   0.675243  Q20  =  -0.522945  Q22c =   0.249750  Q22s =  -0.346564

C          x = -0.002939  y =  1.393901  z =  0.000000 angstrom
           Maximum rank =  2   Radius =  0.650 angstrom
                   Q00  =   0.236677
|Q1| =   0.419688  Q11c =  -0.060255  Q11s =  -0.415340
|Q2| =   0.765841  Q20  =  -0.674469  Q22c =  -0.356174  Q22s =  -0.068881

H          x =  2.133568  y =  1.231809  z =  0.000000 angstrom
           Maximum rank =  2   Radius =  0.350 angstrom
                   Q00  =   0.065891
|Q1| =   0.102987  Q11c =  -0.089193  Q11s =  -0.051488
|Q2| =   0.193470  Q20  =  -0.146013  Q22c =   0.063470  Q22s =   0.109920

H          x =  2.128758  y = -1.266312  z =  0.000000 angstrom
           Maximum rank =  2   Radius =  0.350 angstrom
                   Q00  =   0.084555
|Q1| =   0.097512  Q11c =  -0.091354  Q11s =   0.034105
|Q2| =   0.186550  Q20  =  -0.152780  Q22c =   0.040023  Q22s =  -0.099285

H          x = -0.032335  y =  2.476818  z =  0.000000 angstrom
           Maximum rank =  2   Radius =  0.350 angstrom
                   Q00  =   0.084558
|Q1| =   0.097506  Q11c =  -0.016136  Q11s =  -0.096161
|Q2| =   0.186552  Q20  =  -0.152769  Q22c =  -0.106012  Q22s =  -0.014994

F          x = -0.024482  y = -2.711724  z =  0.000000 angstrom
           Maximum rank =  2   Radius =  0.650 angstrom
                   Q00  =  -0.196123
|Q1| =   0.276124  Q11c =  -0.030256  Q11s =   0.274461
|Q2| =   0.706313  Q20  =  -0.304902  Q22c =  -0.637035  Q22s =  -0.009913

F          x = -2.357420  y = -1.360639  z =  0.000000 angstrom
           Maximum rank =  2   Radius =  0.650 angstrom
                   Q00  =  -0.173036
|Q1| =   0.276596  Q11c =   0.239575  Q11s =   0.138236
|Q2| =   0.667651  Q20  =  -0.333223  Q22c =   0.289613  Q22s =   0.500844

F          x = -2.360620  y =  1.334279  z =  0.000000 angstrom
           Maximum rank =  2   Radius =  0.650 angstrom
                   Q00  =  -0.196132
|Q1| =   0.276134  Q11c =   0.222611  Q11s =  -0.163384
|Q2| =   0.706315  Q20  =  -0.304909  Q22c =   0.310238  Q22s =  -0.556475

TOP(1)     x =  0.000000  y =  0.000000  z =  1.000000 angstrom
           Maximum rank =  2   Radius =  0.650 angstrom
                   Q00  =  -0.826527
|Q1| =   0.224036  Q10  =   0.217968  Q11c =  -0.044852  Q11s =  -0.025887
|Q2| =   0.469891  Q20  =   0.468673  Q21c =  -0.029026  Q21s =  -0.016753
                   Q22c =  -0.002226  Q22s =  -0.003876

TOP(-1)    x =  0.000000  y =  0.000000  z = -1.000000 angstrom
           Maximum rank =  2   Radius =  0.650 angstrom
                   Q00  =  -0.826527
|Q1| =   0.224036  Q10  =  -0.217968  Q11c =  -0.044852  Q11s =  -0.025887
|Q2| =   0.469891  Q20  =   0.468673  Q21c =   0.029026  Q21s =   0.016753
                   Q22c =  -0.002226  Q22s =  -0.003876

Total multipoles referred to origin at
           x =   0.000000,  y =    0.000000,  z =    0.000000 angstrom
                   Q00  =  -0.000005
|Q1| =   1.218761  Q11c =   1.055493  Q11s =   0.609354
|Q2| =   0.232264  Q20  =   0.230477  Q22c =  -0.016335  Q22s =  -0.023657

CPU time used:      0m39.313s          Total:      0m39.313s

Finished at 14:39:10 on 20 Jan 2025 
