                                     G D M A
                                 by Anthony Stone

               Distributed Multipoles from Gaussian wavefunctions

                             version 2.3.3 (6b8e81e)
              Compiled with gfortran on 14 January 2024 at 08:13:23

Starting at 12:55:26 on 17 Jan 2025 


Using SCF density matrix from file 1-2-DFB.fchk


                         Distributed Multipole Analysis

Standard DMA for products of primitives with exponent greater than 4.00000
Using 80-point Euler-MacLaurin radial quadrature
Using 590-point Lebedev quadrature
Becke smoothing parameter = 3

Positions and radii in angstrom
Multipole moments in atomic units, ea_0^k for rank k

C          x =  1.201202  y =  0.690786  z =  0.000000 angstrom
           Maximum rank =  2   Radius =  0.650 angstrom
                   Q00  =   0.241532
|Q1| =   0.429462  Q11c =  -0.367814  Q11s =  -0.221700
|Q2| =   0.752885  Q20  =  -0.612872  Q22c =   0.221884  Q22s =   0.376817

C          x =  1.206528  y = -0.699794  z =  0.000000 angstrom
           Maximum rank =  2   Radius =  0.650 angstrom
                   Q00  =   0.243492
|Q1| =   0.418573  Q11c =  -0.389133  Q11s =   0.154205
|Q2| =   0.751074  Q20  =  -0.656672  Q22c =   0.116955  Q22s =  -0.345278

C          x =  0.003996  y = -1.381117  z =  0.000000 angstrom
           Maximum rank =  2   Radius =  0.650 angstrom
                   Q00  =   0.413432
|Q1| =   0.207139  Q11c =  -0.048032  Q11s =   0.201493
|Q2| =   0.684523  Q20  =  -0.530636  Q22c =  -0.430573  Q22s =   0.040052

C          x = -1.197907  y = -0.687075  z =  0.000000 angstrom
           Maximum rank =  2   Radius =  0.650 angstrom
                   Q00  =   0.413513
|Q1| =   0.207190  Q11c =   0.198542  Q11s =   0.059233
|Q2| =   0.684424  Q20  =  -0.530523  Q22c =   0.180709  Q22s =   0.392844

C          x = -1.209206  y =  0.695019  z =  0.000000 angstrom
           Maximum rank =  2   Radius =  0.650 angstrom
                   Q00  =   0.243518
|Q1| =   0.418592  Q11c =   0.328111  Q11s =  -0.259928
|Q2| =   0.751027  Q20  =  -0.656624  Q22c =   0.240715  Q22s =  -0.273757

C          x = -0.002380  y =  1.385757  z =  0.000000 angstrom
           Maximum rank =  2   Radius =  0.650 angstrom
                   Q00  =   0.241480
|Q1| =   0.429388  Q11c =  -0.008140  Q11s =  -0.429311
|Q2| =   0.752945  Q20  =  -0.612923  Q22c =  -0.437306  Q22s =  -0.003834

H          x =  2.142364  y =  1.228859  z =  0.000000 angstrom
           Maximum rank =  2   Radius =  0.350 angstrom
                   Q00  =   0.060086
|Q1| =   0.106540  Q11c =  -0.092110  Q11s =  -0.053539
|Q2| =   0.195779  Q20  =  -0.147852  Q22c =   0.065031  Q22s =   0.110636

H          x =  2.129171  y = -1.268984  z =  0.000000 angstrom
           Maximum rank =  2   Radius =  0.350 angstrom
                   Q00  =   0.082658
|Q1| =   0.099217  Q11c =  -0.092970  Q11s =   0.034650
|Q2| =   0.184802  Q20  =  -0.151336  Q22c =   0.038796  Q22s =  -0.098712

H          x = -2.163585  y =  1.209209  z =  0.000000 angstrom
           Maximum rank =  2   Radius =  0.350 angstrom
                   Q00  =   0.082662
|Q1| =   0.099227  Q11c =   0.076487  Q11s =  -0.063212
|Q2| =   0.184793  Q20  =  -0.151341  Q22c =   0.066140  Q22s =  -0.082886

H          x = -0.007035  y =  2.469856  z =  0.000000 angstrom
           Maximum rank =  2   Radius =  0.350 angstrom
                   Q00  =   0.060095
|Q1| =   0.106530  Q11c =  -0.000327  Q11s =  -0.106530
|Q2| =   0.195780  Q20  =  -0.147844  Q22c =  -0.128340  Q22s =  -0.001021

F          x = -0.015338  y = -2.716531  z = -0.000000 angstrom
           Maximum rank =  2   Radius =  0.650 angstrom
                   Q00  =  -0.203531
|Q1| =   0.277486  Q11c =  -0.031789  Q11s =   0.275659
|Q2| =   0.709898  Q20  =  -0.304225  Q22c =  -0.641289  Q22s =  -0.012294

F          x = -2.344874  y = -1.371234  z =  0.000000 angstrom
           Maximum rank =  2   Radius =  0.650 angstrom
                   Q00  =  -0.203546
|Q1| =   0.277520  Q11c =   0.254684  Q11s =   0.110241
|Q2| =   0.709957  Q20  =  -0.304204  Q22c =   0.331592  Q22s =   0.549132

TOP(1)     x =  0.000000  y =  0.000000  z =  1.000000 angstrom
           Maximum rank =  2   Radius =  0.650 angstrom
                   Q00  =  -0.837697
|Q1| =   0.221837  Q10  =   0.216974  Q11c =  -0.023099  Q11s =  -0.040000
|Q2| =   0.485786  Q20  =   0.482846  Q21c =  -0.016601  Q21s =  -0.028747
                   Q22c =  -0.020889  Q22s =   0.036187

TOP(2)     x =  0.000000  y =  0.000000  z = -1.000000 angstrom
           Maximum rank =  2   Radius =  0.650 angstrom
                   Q00  =  -0.837697
|Q1| =   0.221837  Q10  =  -0.216974  Q11c =  -0.023099  Q11s =  -0.040000
|Q2| =   0.485786  Q20  =   0.482846  Q21c =   0.016601  Q21s =   0.028747
                   Q22c =  -0.020889  Q22s =   0.036187

Total multipoles referred to origin at
           x =   0.000000,  y =    0.000000,  z =    0.000000 angstrom
                   Q00  =  -0.000004
|Q1| =   1.078260  Q11c =   0.539156  Q11s =   0.933786
|Q2| =   5.358881  Q20  =  -1.886309  Q22c =   2.507569  Q22s =  -4.344139

CPU time used:      0m15.064s          Total:      0m15.064s

Finished at 12:55:41 on 17 Jan 2025 
