                                     G D M A
                                 by Anthony Stone

               Distributed Multipoles from Gaussian wavefunctions

                             version 2.3.3 (6b8e81e)
              Compiled with gfortran on 14 January 2024 at 08:13:23

Starting at 13:37:28 on 14 Jan 2025 


Using SCF density matrix from file 1-2-3-4-TtFB.fchk


                         Distributed Multipole Analysis

Standard DMA for products of primitives with exponent greater than 4.00000
Using 80-point Euler-MacLaurin radial quadrature
Using 590-point Lebedev quadrature
Becke smoothing parameter = 3

Positions and radii in angstrom
Multipole moments in atomic units, ea_0^k for rank k

C          x =  1.201667  y =  0.694892  z =  0.000000 angstrom
           Maximum rank =  2   Radius =  0.650 angstrom
                   Q00  =   0.249734
|Q1| =   0.419346  Q11c =  -0.386150  Q11s =  -0.163522
|Q2| =   0.747550  Q20  =  -0.658813  Q22c =   0.117960  Q22s =   0.332989

C          x =  1.201667  y = -0.694892  z = -0.000000 angstrom
           Maximum rank =  2   Radius =  0.650 angstrom
                   Q00  =   0.249734
|Q1| =   0.419346  Q11c =  -0.386150  Q11s =   0.163522
|Q2| =   0.747550  Q20  =  -0.658813  Q22c =   0.117960  Q22s =  -0.332989

C          x =  0.001303  y = -1.378116  z = -0.000000 angstrom
           Maximum rank =  2   Radius =  0.650 angstrom
                   Q00  =   0.415317
|Q1| =   0.207746  Q11c =  -0.052477  Q11s =   0.201009
|Q2| =   0.682742  Q20  =  -0.534669  Q22c =  -0.422486  Q22s =   0.042092

C          x = -1.206485  y = -0.693845  z =  0.000000 angstrom
           Maximum rank =  2   Radius =  0.650 angstrom
                   Q00  =   0.420505
|Q1| =   0.183380  Q11c =   0.156271  Q11s =   0.095956
|Q2| =   0.682974  Q20  =  -0.578879  Q22c =   0.183190  Q22s =   0.312720

C          x = -1.206485  y =  0.693845  z =  0.000000 angstrom
           Maximum rank =  2   Radius =  0.650 angstrom
                   Q00  =   0.420505
|Q1| =   0.183380  Q11c =   0.156271  Q11s =  -0.095956
|Q2| =   0.682974  Q20  =  -0.578879  Q22c =   0.183190  Q22s =  -0.312720

C          x =  0.001303  y =  1.378116  z =  0.000000 angstrom
           Maximum rank =  2   Radius =  0.650 angstrom
                   Q00  =   0.415317
|Q1| =   0.207746  Q11c =  -0.052477  Q11s =  -0.201009
|Q2| =   0.682742  Q20  =  -0.534669  Q22c =  -0.422486  Q22s =  -0.042092

H          x =  2.127300  y =  1.257269  z = -0.000000 angstrom
           Maximum rank =  2   Radius =  0.350 angstrom
                   Q00  =   0.090056
|Q1| =   0.094161  Q11c =  -0.088173  Q11s =  -0.033044
|Q2| =   0.184440  Q20  =  -0.150789  Q22c =   0.041074  Q22s =   0.097948

H          x =  2.127300  y = -1.257269  z =  0.000000 angstrom
           Maximum rank =  2   Radius =  0.350 angstrom
                   Q00  =   0.090056
|Q1| =   0.094161  Q11c =  -0.088173  Q11s =   0.033044
|Q2| =   0.184440  Q20  =  -0.150789  Q22c =   0.041074  Q22s =  -0.097948

F          x = -0.023362  y = -2.710830  z =  0.000000 angstrom
           Maximum rank =  2   Radius =  0.650 angstrom
                   Q00  =  -0.194437
|Q1| =   0.275050  Q11c =  -0.029467  Q11s =   0.273467
|Q2| =   0.704912  Q20  =  -0.308524  Q22c =  -0.633720  Q22s =  -0.010630

F          x = -2.357488  y = -1.351101  z = -0.000000 angstrom
           Maximum rank =  2   Radius =  0.650 angstrom
                   Q00  =  -0.166220
|Q1| =   0.275312  Q11c =   0.238598  Q11s =   0.137361
|Q2| =   0.665236  Q20  =  -0.332713  Q22c =   0.289864  Q22s =   0.497816

F          x = -2.357488  y =  1.351101  z =  0.000000 angstrom
           Maximum rank =  2   Radius =  0.650 angstrom
                   Q00  =  -0.166220
|Q1| =   0.275312  Q11c =   0.238598  Q11s =  -0.137361
|Q2| =   0.665236  Q20  =  -0.332713  Q22c =   0.289864  Q22s =  -0.497816

F          x = -0.023362  y =  2.710830  z = -0.000000 angstrom
           Maximum rank =  2   Radius =  0.650 angstrom
                   Q00  =  -0.194437
|Q1| =   0.275050  Q11c =  -0.029467  Q11s =  -0.273467
|Q2| =   0.704912  Q20  =  -0.308524  Q22c =  -0.633720  Q22s =   0.010630

TOP1       x =  0.000000  y =  0.000000  z =  1.000000 angstrom
           Maximum rank =  2   Radius =  0.650 angstrom
                   Q00  =  -0.814957
|Q1| =   0.223378  Q10  =   0.219035  Q11c =  -0.043832
|Q2| =   0.457431  Q20  =   0.454261  Q21c =  -0.025262  Q22c =  -0.047456

TOP2       x =  0.000000  y =  0.000000  z = -1.000000 angstrom
           Maximum rank =  2   Radius =  0.650 angstrom
                   Q00  =  -0.814957
|Q1| =   0.223378  Q10  =  -0.219035  Q11c =  -0.043832
|Q2| =   0.457431  Q20  =   0.454261  Q21c =   0.025262  Q22c =  -0.047456

Total multipoles referred to origin at
           x =   0.000000,  y =    0.000000,  z =    0.000000 angstrom
                   Q00  =  -0.000005
|Q1| =   1.030597  Q11c =   1.030597
|Q2| =   5.529908  Q20  =   2.379765  Q22c =   4.991653

CPU time used:      0m23.537s          Total:      0m23.537s

Finished at 13:37:52 on 14 Jan 2025 
